<?xml version="1.0" encoding="UTF-8"?>
<!-- Generated by org.testng.reporters.JUnitXMLReporter -->
<testsuite hostname="Lyazzats-MacBook-Pro.local" ignored="0" name="Hotle Functional Regression Test" tests="9" failures="0" timestamp="2020-08-01T15:38:36 EDT" time="39.461" errors="0">
  <testcase name="verifyPageTitleTest" time="0.112" classname="com.qa.hotel.test.DestinationPageTest"/>
  <testcase name="Get_Information" time="5.197" classname="com.qa.hotel.test.DestinationPageTest"/>
  <testcase name="verifyPageTitleTest" time="0.084" classname="com.qa.hotel.test.Hotel3starPageTest"/>
  <testcase name="ShowHotelList" time="0.954" classname="com.qa.hotel.test.Hotel3starPageTest"/>
  <testcase name="verifyNameOfHotel" time="0.294" classname="com.qa.hotel.test.Hotel3starPageTest"/>
  <testcase name="verifyPageTitleTest" time="0.037" classname="com.qa.hotel.test.Hotel4starPageTest"/>
  <testcase name="ShowHotleList" time="1.477" classname="com.qa.hotel.test.Hotel4starPageTest"/>
  <testcase name="verifyPageTitleTest" time="0.073" classname="com.qa.hotel.test.Hotel5StarPageTest"/>
  <testcase name="Get_Information" time="0.983" classname="com.qa.hotel.test.Hotel5StarPageTest"/>
</testsuite> <!-- Hotle Functional Regression Test -->
