<?xml version="1.0" encoding="UTF-8"?>
<!-- Generated by org.testng.reporters.JUnitXMLReporter -->
<testsuite hostname="Lyazzats-MacBook-Pro.local" ignored="0" name="Default test" tests="3" failures="0" timestamp="2020-08-03T11:45:22 EDT" time="13.987" errors="0">
  <testcase name="verifyPageTitleTest" time="0.107" classname="com.qa.hotel.test.Hotel3starPageTest"/>
  <testcase name="ShowHotelList" time="2.892" classname="com.qa.hotel.test.Hotel3starPageTest"/>
  <testcase name="verifyNameOfHotel" time="0.193" classname="com.qa.hotel.test.Hotel3starPageTest"/>
</testsuite> <!-- Default test -->
